<?xml version="1.0" encoding="UTF-8"?>
<!-- Generated by org.testng.reporters.JUnitXMLReporter -->
<testsuite ignored="2" hostname="ABP-HQ2-QA18" failures="0" tests="3" name="Run few test cases" time="0.049" errors="0" timestamp="2022-05-07T10:38:14 WAT">
  <testcase classname="test.day2" name="Demo2" time="0.007"/>
  <testcase classname="test.day3" name="Demo4" time="0.001"/>
  <testcase classname="test.day4" name="demo6" time="0.0"/>
  <testcase classname="test.day3" name="Demo3" time="0.0">
    <ignored/>
  </testcase> <!-- Demo3 -->
  <testcase classname="test.day1" name="Demo" time="0.0">
    <ignored/>
  </testcase> <!-- Demo -->
</testsuite> <!-- Run few test cases -->
